# JRE version: OpenJDK Runtime Environment (7.0_55-b14) (build 1.7.0_55-b14)
# Java VM: OpenJDK Server VM (24.51-b03 mixed mode linux-x86 )
Heap
 PSYoungGen      total 82944K, used 14565K [0xa8880000, 0xb1b40000, 0xb3340000)
  eden space 82176K, 17% used [0xa8880000,0xa962f4b0,0xad8c0000)
  from space 768K, 71% used [0xb1680000,0xb170a280,0xb1740000)
  to   space 2560K, 0% used [0xb18c0000,0xb18c0000,0xb1b40000)
 ParOldGen       total 20224K, used 13193K [0x93340000, 0x94700000, 0xa8880000)
  object space 20224K, 65% used [0x93340000,0x94022788,0x94700000)
 PSPermGen       total 16384K, used 12574K [0x8b340000, 0x8c340000, 0x93340000)
  object space 16384K, 76% used [0x8b340000,0x8bf87ab8,0x8c340000)
GC Heap History (10 events):
Event: 26.238 GC heap before
{Heap before GC invocations=31 (full 0):
 PSYoungGen      total 103936K, used 103808K [0xa8880000, 0xb2040000, 0xb3340000)
  eden space 103424K, 100% used [0xa8880000,0xaed80000,0xaed80000)
  from space 512K, 75% used [0xb1fc0000,0xb2020010,0xb2040000)
  to   space 2560K, 0% used [0xb1b40000,0xb1b40000,0xb1dc0000)
 ParOldGen       total 20224K, used 12531K [0x93340000, 0x94700000, 0xa8880000)
  object space 20224K, 61% used [0x93340000,0x93f7cdc8,0x94700000)
 PSPermGen       total 16384K, used 11188K [0x8b340000, 0x8c340000, 0x93340000)
  object space 16384K, 68% used [0x8b340000,0x8be2d1a8,0x8c340000)
Event: 26.240 GC heap after
Heap after GC invocations=31 (full 0):
 PSYoungGen      total 99328K, used 400K [0xa8880000, 0xb2000000, 0xb3340000)
  eden space 98816K, 0% used [0xa8880000,0xa8880000,0xae900000)
  from space 512K, 78% used [0xb1b40000,0xb1ba4010,0xb1bc0000)
  to   space 2560K, 0% used [0xb1d80000,0xb1d80000,0xb2000000)
 ParOldGen       total 20224K, used 12539K [0x93340000, 0x94700000, 0xa8880000)
  object space 20224K, 62% used [0x93340000,0x93f7edc8,0x94700000)
 PSPermGen       total 16384K, used 11188K [0x8b340000, 0x8c340000, 0x93340000)
  object space 16384K, 68% used [0x8b340000,0x8be2d1a8,0x8c340000)
}
Event: 27.296 GC heap before
{Heap before GC invocations=32 (full 0):
 PSYoungGen      total 99328K, used 99216K [0xa8880000, 0xb2000000, 0xb3340000)
  eden space 98816K, 100% used [0xa8880000,0xae900000,0xae900000)
  from space 512K, 78% used [0xb1b40000,0xb1ba4010,0xb1bc0000)
  to   space 2560K, 0% used [0xb1d80000,0xb1d80000,0xb2000000)
 ParOldGen       total 20224K, used 12539K [0x93340000, 0x94700000, 0xa8880000)
  object space 20224K, 62% used [0x93340000,0x93f7edc8,0x94700000)
 PSPermGen       total 16384K, used 12280K [0x8b340000, 0x8c340000, 0x93340000)
  object space 16384K, 74% used [0x8b340000,0x8bf3e348,0x8c340000)
Event: 27.302 GC heap after
Heap after GC invocations=32 (full 0):
 PSYoungGen      total 96768K, used 2096K [0xa8880000, 0xb1fc0000, 0xb3340000)
  eden space 94464K, 0% used [0xa8880000,0xa8880000,0xae4c0000)
  from space 2304K, 90% used [0xb1d80000,0xb1f8c188,0xb1fc0000)
  to   space 2816K, 0% used [0xb1a40000,0xb1a40000,0xb1d00000)
 ParOldGen       total 20224K, used 12671K [0x93340000, 0x94700000, 0xa8880000)
  object space 20224K, 62% used [0x93340000,0x93f9fdd8,0x94700000)
 PSPermGen       total 16384K, used 12280K [0x8b340000, 0x8c340000, 0x93340000)
  object space 16384K, 74% used [0x8b340000,0x8bf3e348,0x8c340000)
}
Event: 29.900 GC heap before
{Heap before GC invocations=33 (full 0):
 PSYoungGen      total 96768K, used 96560K [0xa8880000, 0xb1fc0000, 0xb3340000)
  eden space 94464K, 100% used [0xa8880000,0xae4c0000,0xae4c0000)
  from space 2304K, 90% used [0xb1d80000,0xb1f8c188,0xb1fc0000)
  to   space 2816K, 0% used [0xb1a40000,0xb1a40000,0xb1d00000)
 ParOldGen       total 20224K, used 12671K [0x93340000, 0x94700000, 0xa8880000)
  object space 20224K, 62% used [0x93340000,0x93f9fdd8,0x94700000)
 PSPermGen       total 16384K, used 12310K [0x8b340000, 0x8c340000, 0x93340000)
  object space 16384K, 75% used [0x8b340000,0x8bf45a28,0x8c340000)
Event: 29.902 GC heap after
Heap after GC invocations=33 (full 0):
 PSYoungGen      total 90624K, used 296K [0xa8880000, 0xb1dc0000, 0xb3340000)
  eden space 90112K, 0% used [0xa8880000,0xa8880000,0xae080000)
  from space 512K, 57% used [0xb1a40000,0xb1a8a370,0xb1ac0000)
  to   space 2816K, 0% used [0xb1b00000,0xb1b00000,0xb1dc0000)
 ParOldGen       total 20224K, used 13077K [0x93340000, 0x94700000, 0xa8880000)
  object space 20224K, 64% used [0x93340000,0x94005758,0x94700000)
 PSPermGen       total 16384K, used 12310K [0x8b340000, 0x8c340000, 0x93340000)
  object space 16384K, 75% used [0x8b340000,0x8bf45a28,0x8c340000)
}
Event: 35.392 GC heap before
{Heap before GC invocations=34 (full 0):
 PSYoungGen      total 90624K, used 90408K [0xa8880000, 0xb1dc0000, 0xb3340000)
  eden space 90112K, 100% used [0xa8880000,0xae080000,0xae080000)
  from space 512K, 57% used [0xb1a40000,0xb1a8a370,0xb1ac0000)
  to   space 2816K, 0% used [0xb1b00000,0xb1b00000,0xb1dc0000)
 ParOldGen       total 20224K, used 13077K [0x93340000, 0x94700000, 0xa8880000)
  object space 20224K, 64% used [0x93340000,0x94005758,0x94700000)
 PSPermGen       total 16384K, used 12328K [0x8b340000, 0x8c340000, 0x93340000)
  object space 16384K, 75% used [0x8b340000,0x8bf4a110,0x8c340000)
Event: 35.395 GC heap after
Heap after GC invocations=34 (full 0):
 PSYoungGen      total 86528K, used 424K [0xa8880000, 0xb1b80000, 0xb3340000)
  eden space 86016K, 0% used [0xa8880000,0xa8880000,0xadc80000)
  from space 512K, 82% used [0xb1b00000,0xb1b6a0c0,0xb1b80000)
  to   space 2560K, 0% used [0xb1680000,0xb1680000,0xb1900000)
 ParOldGen       total 20224K, used 13093K [0x93340000, 0x94700000, 0xa8880000)
  object space 20224K, 64% used [0x93340000,0x94009758,0x94700000)
 PSPermGen       total 16384K, used 12328K [0x8b340000, 0x8c340000, 0x93340000)
  object space 16384K, 75% used [0x8b340000,0x8bf4a110,0x8c340000)
}
Event: 41.252 GC heap before
{Heap before GC invocations=35 (full 0):
 PSYoungGen      total 86528K, used 86440K [0xa8880000, 0xb1b80000, 0xb3340000)
  eden space 86016K, 100% used [0xa8880000,0xadc80000,0xadc80000)
  from space 512K, 82% used [0xb1b00000,0xb1b6a0c0,0xb1b80000)
  to   space 2560K, 0% used [0xb1680000,0xb1680000,0xb1900000)
 ParOldGen       total 20224K, used 13093K [0x93340000, 0x94700000, 0xa8880000)
  object space 20224K, 64% used [0x93340000,0x94009758,0x94700000)
 PSPermGen       total 16384K, used 12468K [0x8b340000, 0x8c340000, 0x93340000)
  object space 16384K, 76% used [0x8b340000,0x8bf6d148,0x8c340000)
Event: 41.259 GC heap after
Heap after GC invocations=35 (full 0):
 PSYoungGen      total 82944K, used 552K [0xa8880000, 0xb1b40000, 0xb3340000)
  eden space 82176K, 0% used [0xa8880000,0xa8880000,0xad8c0000)
  from space 768K, 71% used [0xb1680000,0xb170a280,0xb1740000)
  to   space 2560K, 0% used [0xb18c0000,0xb18c0000,0xb1b40000)
 ParOldGen       total 20224K, used 13193K [0x93340000, 0x94700000, 0xa8880000)
  object space 20224K, 65% used [0x93340000,0x94022788,0x94700000)
 PSPermGen       total 16384K, used 12468K [0x8b340000, 0x8c340000, 0x93340000)
  object space 16384K, 76% used [0x8b340000,0x8bf6d148,0x8c340000)
}

