# JRE version: OpenJDK Runtime Environment (7.0_55-b14) (build 1.7.0_55-b14)
# Java VM: OpenJDK Server VM (24.51-b03 mixed mode linux-x86 )
Heap
 PSYoungGen      total 113664K, used 12935K [0xa8880000, 0xb2140000, 0xb3340000)
  eden space 113152K, 11% used [0xa8880000,0xa94bdb90,0xaf700000)
  from space 512K, 78% used [0xb20c0000,0xb2124190,0xb2140000)
  to   space 4096K, 0% used [0xb1940000,0xb1940000,0xb1d40000)
 ParOldGen       total 20224K, used 11541K [0x93340000, 0x94700000, 0xa8880000)
  object space 20224K, 57% used [0x93340000,0x93e854b0,0x94700000)
 PSPermGen       total 16384K, used 12166K [0x8b340000, 0x8c340000, 0x93340000)
  object space 16384K, 74% used [0x8b340000,0x8bf21ab0,0x8c340000)
GC Heap History (10 events):
Event: 19.058 GC heap before
{Heap before GC invocations=16 (full 0):
 PSYoungGen      total 143616K, used 143584K [0xa8880000, 0xb2e40000, 0xb3340000)
  eden space 143104K, 100% used [0xa8880000,0xb1440000,0xb1440000)
  from space 512K, 93% used [0xb2480000,0xb24f8010,0xb2500000)
  to   space 5120K, 0% used [0xb2940000,0xb2940000,0xb2e40000)
 ParOldGen       total 20224K, used 11126K [0x93340000, 0x94700000, 0xa8880000)
  object space 20224K, 55% used [0x93340000,0x93e1da70,0x94700000)
 PSPermGen       total 16384K, used 10595K [0x8b340000, 0x8c340000, 0x93340000)
  object space 16384K, 64% used [0x8b340000,0x8bd98d30,0x8c340000)
Event: 19.059 GC heap after
Heap after GC invocations=16 (full 0):
 PSYoungGen      total 136960K, used 416K [0xa8880000, 0xb29c0000, 0xb3340000)
  eden space 136448K, 0% used [0xa8880000,0xa8880000,0xb0dc0000)
  from space 512K, 81% used [0xb2940000,0xb29a8010,0xb29c0000)
  to   space 4864K, 0% used [0xb2040000,0xb2040000,0xb2500000)
 ParOldGen       total 20224K, used 11134K [0x93340000, 0x94700000, 0xa8880000)
  object space 20224K, 55% used [0x93340000,0x93e1fa70,0x94700000)
 PSPermGen       total 16384K, used 10595K [0x8b340000, 0x8c340000, 0x93340000)
  object space 16384K, 64% used [0x8b340000,0x8bd98d30,0x8c340000)
}
Event: 20.131 GC heap before
{Heap before GC invocations=17 (full 0):
 PSYoungGen      total 136960K, used 136864K [0xa8880000, 0xb29c0000, 0xb3340000)
  eden space 136448K, 100% used [0xa8880000,0xb0dc0000,0xb0dc0000)
  from space 512K, 81% used [0xb2940000,0xb29a8010,0xb29c0000)
  to   space 4864K, 0% used [0xb2040000,0xb2040000,0xb2500000)
 ParOldGen       total 20224K, used 11134K [0x93340000, 0x94700000, 0xa8880000)
  object space 20224K, 55% used [0x93340000,0x93e1fa70,0x94700000)
 PSPermGen       total 16384K, used 10608K [0x8b340000, 0x8c340000, 0x93340000)
  object space 16384K, 64% used [0x8b340000,0x8bd9c248,0x8c340000)
Event: 20.134 GC heap after
Heap after GC invocations=17 (full 0):
 PSYoungGen      total 130560K, used 464K [0xa8880000, 0xb2980000, 0xb3340000)
  eden space 130048K, 0% used [0xa8880000,0xa8880000,0xb0780000)
  from space 512K, 90% used [0xb2040000,0xb20b4010,0xb20c0000)
  to   space 4864K, 0% used [0xb24c0000,0xb24c0000,0xb2980000)
 ParOldGen       total 20224K, used 11150K [0x93340000, 0x94700000, 0xa8880000)
  object space 20224K, 55% used [0x93340000,0x93e23a70,0x94700000)
 PSPermGen       total 16384K, used 10608K [0x8b340000, 0x8c340000, 0x93340000)
  object space 16384K, 64% used [0x8b340000,0x8bd9c248,0x8c340000)
}
Event: 21.003 GC heap before
{Heap before GC invocations=18 (full 0):
 PSYoungGen      total 130560K, used 130512K [0xa8880000, 0xb2980000, 0xb3340000)
  eden space 130048K, 100% used [0xa8880000,0xb0780000,0xb0780000)
  from space 512K, 90% used [0xb2040000,0xb20b4010,0xb20c0000)
  to   space 4864K, 0% used [0xb24c0000,0xb24c0000,0xb2980000)
 ParOldGen       total 20224K, used 11150K [0x93340000, 0x94700000, 0xa8880000)
  object space 20224K, 55% used [0x93340000,0x93e23a70,0x94700000)
 PSPermGen       total 16384K, used 10974K [0x8b340000, 0x8c340000, 0x93340000)
  object space 16384K, 66% used [0x8b340000,0x8bdf7b00,0x8c340000)
Event: 21.006 GC heap after
Heap after GC invocations=18 (full 0):
 PSYoungGen      total 124928K, used 755K [0xa8880000, 0xb2580000, 0xb3340000)
  eden space 124160K, 0% used [0xa8880000,0xa8880000,0xb01c0000)
  from space 768K, 98% used [0xb24c0000,0xb257cf00,0xb2580000)
  to   space 4608K, 0% used [0xb1c80000,0xb1c80000,0xb2100000)
 ParOldGen       total 20224K, used 11158K [0x93340000, 0x94700000, 0xa8880000)
  object space 20224K, 55% used [0x93340000,0x93e25a70,0x94700000)
 PSPermGen       total 16384K, used 10974K [0x8b340000, 0x8c340000, 0x93340000)
  object space 16384K, 66% used [0x8b340000,0x8bdf7b00,0x8c340000)
}
Event: 23.695 GC heap before
{Heap before GC invocations=19 (full 0):
 PSYoungGen      total 124928K, used 124915K [0xa8880000, 0xb2580000, 0xb3340000)
  eden space 124160K, 100% used [0xa8880000,0xb01c0000,0xb01c0000)
  from space 768K, 98% used [0xb24c0000,0xb257cf00,0xb2580000)
  to   space 4608K, 0% used [0xb1c80000,0xb1c80000,0xb2100000)
 ParOldGen       total 20224K, used 11158K [0x93340000, 0x94700000, 0xa8880000)
  object space 20224K, 55% used [0x93340000,0x93e25a70,0x94700000)
 PSPermGen       total 16384K, used 11911K [0x8b340000, 0x8c340000, 0x93340000)
  object space 16384K, 72% used [0x8b340000,0x8bee1cf0,0x8c340000)
Event: 23.697 GC heap after
Heap after GC invocations=19 (full 0):
 PSYoungGen      total 120064K, used 1342K [0xa8880000, 0xb2500000, 0xb3340000)
  eden space 118528K, 0% used [0xa8880000,0xa8880000,0xafc40000)
  from space 1536K, 87% used [0xb1c80000,0xb1dcfba8,0xb1e00000)
  to   space 4352K, 0% used [0xb20c0000,0xb20c0000,0xb2500000)
 ParOldGen       total 20224K, used 11342K [0x93340000, 0x94700000, 0xa8880000)
  object space 20224K, 56% used [0x93340000,0x93e53a80,0x94700000)
 PSPermGen       total 16384K, used 11911K [0x8b340000, 0x8c340000, 0x93340000)
  object space 16384K, 72% used [0x8b340000,0x8bee1cf0,0x8c340000)
}
Event: 30.363 GC heap before
{Heap before GC invocations=20 (full 0):
 PSYoungGen      total 120064K, used 119870K [0xa8880000, 0xb2500000, 0xb3340000)
  eden space 118528K, 100% used [0xa8880000,0xafc40000,0xafc40000)
  from space 1536K, 87% used [0xb1c80000,0xb1dcfba8,0xb1e00000)
  to   space 4352K, 0% used [0xb20c0000,0xb20c0000,0xb2500000)
 ParOldGen       total 20224K, used 11342K [0x93340000, 0x94700000, 0xa8880000)
  object space 20224K, 56% used [0x93340000,0x93e53a80,0x94700000)
 PSPermGen       total 16384K, used 12057K [0x8b340000, 0x8c340000, 0x93340000)
  object space 16384K, 73% used [0x8b340000,0x8bf06748,0x8c340000)
Event: 30.365 GC heap after
Heap after GC invocations=20 (full 0):
 PSYoungGen      total 113664K, used 400K [0xa8880000, 0xb2140000, 0xb3340000)
  eden space 113152K, 0% used [0xa8880000,0xa8880000,0xaf700000)
  from space 512K, 78% used [0xb20c0000,0xb2124190,0xb2140000)
  to   space 4096K, 0% used [0xb1940000,0xb1940000,0xb1d40000)
 ParOldGen       total 20224K, used 11541K [0x93340000, 0x94700000, 0xa8880000)
  object space 20224K, 57% used [0x93340000,0x93e854b0,0x94700000)
 PSPermGen       total 16384K, used 12057K [0x8b340000, 0x8c340000, 0x93340000)
  object space 16384K, 73% used [0x8b340000,0x8bf06748,0x8c340000)
}

